#
# There is insufficient memory for the Java Runtime Environment to continue.
# Native memory allocation (malloc) failed to allocate 652176 bytes for Chunk::new
# Possible reasons:
#   The system is out of physical RAM or swap space
#   The process is running with CompressedOops enabled, and the Java Heap may be blocking the growth of the native heap
# Possible solutions:
#   Reduce memory load on the system
#   Increase physical memory or swap space
#   Check if swap backing store is full
#   Decrease Java heap size (-Xmx/-Xms)
#   Decrease number of Java threads
#   Decrease Java thread stack sizes (-Xss)
#   Set larger code cache with -XX:ReservedCodeCacheSize=
#   JVM is running with Unscaled Compressed Oops mode in which the Java heap is
#     placed in the first 4GB address space. The Java Heap base address is the
#     maximum limit for the native heap growth. Please use -XX:HeapBaseMinAddress
#     to set the Java Heap base and to place the Java Heap above 4GB virtual address.
# This output file may be truncated or incomplete.
#
#  Out of Memory Error (allocation.cpp:389), pid=6992, tid=0x0000000000002d58
#
# JRE version: OpenJDK Runtime Environment (8.0_242-b01) (build 1.8.0_242-release-1644-b01)
# Java VM: OpenJDK 64-Bit Server VM (25.242-b01 mixed mode windows-amd64 compressed oops)
# Failed to write core dump. Minidumps are not enabled by default on client versions of Windows
#

---------------  T H R E A D  ---------------

Current thread (0x0000000019ff8800):  JavaThread "C2 CompilerThread7" daemon [_thread_in_native, id=11608, stack(0x000000001c2c0000,0x000000001c3c0000)]

Stack: [0x000000001c2c0000,0x000000001c3c0000]
[error occurred during error reporting (printing stack bounds), id 0xc0000005]

Native frames: (J=compiled Java code, j=interpreted, Vv=VM code, C=native code)


Current CompileTask:
C2:  79039 12029       4       org.gradle.internal.component.model.ComponentAttributeMatcher::match (259 bytes)


---------------  P R O C E S S  ---------------

Java Threads: ( => current thread )
  0x00000000211fa000 JavaThread "WorkerExecutor Queue Thread 9" [_thread_blocked, id=952, stack(0x00000000346b0000,0x00000000347b0000)]
  0x00000000211f8000 JavaThread "WorkerExecutor Queue Thread 8" [_thread_blocked, id=16048, stack(0x0000000033fb0000,0x00000000340b0000)]
  0x00000000211fb800 JavaThread "WorkerExecutor Queue Thread 7" [_thread_blocked, id=11884, stack(0x0000000033eb0000,0x0000000033fb0000)]
  0x00000000211fc800 JavaThread "WorkerExecutor Queue Thread 6" [_thread_blocked, id=11352, stack(0x0000000033db0000,0x0000000033eb0000)]
  0x00000000211fe000 JavaThread "WorkerExecutor Queue Thread 5" [_thread_blocked, id=10520, stack(0x0000000033cb0000,0x0000000033db0000)]
  0x00000000211f9800 JavaThread "WorkerExecutor Queue Thread 4" [_thread_blocked, id=11700, stack(0x0000000033bb0000,0x0000000033cb0000)]
  0x00000000211fe800 JavaThread "WorkerExecutor Queue Thread 3" [_thread_blocked, id=10300, stack(0x0000000033ab0000,0x0000000033bb0000)]
  0x00000000211f7000 JavaThread "WorkerExecutor Queue Thread 2" [_thread_in_native, id=5508, stack(0x00000000339b0000,0x0000000033ab0000)]
  0x000000001eb0b800 JavaThread "WorkerExecutor Queue" [_thread_blocked, id=7572, stack(0x00000000338b0000,0x00000000339b0000)]
  0x000000001eb06000 JavaThread "ForkJoinPool.commonPool-worker-7" daemon [_thread_blocked, id=1208, stack(0x00000000334d0000,0x00000000335d0000)]
  0x000000001eb09000 JavaThread "ForkJoinPool.commonPool-worker-14" daemon [_thread_blocked, id=15624, stack(0x00000000333d0000,0x00000000334d0000)]
  0x000000001eb08800 JavaThread "ForkJoinPool.commonPool-worker-5" daemon [_thread_blocked, id=13968, stack(0x00000000332d0000,0x00000000333d0000)]
  0x000000001eb04800 JavaThread "ForkJoinPool.commonPool-worker-12" daemon [_thread_blocked, id=17196, stack(0x00000000331d0000,0x00000000332d0000)]
  0x000000001eb05000 JavaThread "ForkJoinPool.commonPool-worker-3" daemon [_thread_blocked, id=8108, stack(0x00000000330d0000,0x00000000331d0000)]
  0x000000001eb0a800 JavaThread "ForkJoinPool.commonPool-worker-10" daemon [_thread_blocked, id=9560, stack(0x0000000032fd0000,0x00000000330d0000)]
  0x000000001eb07000 JavaThread "ForkJoinPool.commonPool-worker-1" daemon [_thread_blocked, id=16328, stack(0x0000000032ed0000,0x0000000032fd0000)]
  0x000000001eb0a000 JavaThread "ForkJoinPool.commonPool-worker-8" daemon [_thread_blocked, id=3516, stack(0x0000000032dd0000,0x0000000032ed0000)]
  0x000000001eb07800 JavaThread "ForkJoinPool.commonPool-worker-15" daemon [_thread_blocked, id=7472, stack(0x0000000032cd0000,0x0000000032dd0000)]
  0x000000001eafd000 JavaThread "ForkJoinPool.commonPool-worker-6" daemon [_thread_blocked, id=17508, stack(0x0000000032bd0000,0x0000000032cd0000)]
  0x000000001eb03800 JavaThread "ForkJoinPool.commonPool-worker-13" daemon [_thread_blocked, id=700, stack(0x0000000032ad0000,0x0000000032bd0000)]
  0x000000001eafc000 JavaThread "ForkJoinPool.commonPool-worker-4" daemon [_thread_blocked, id=5200, stack(0x00000000329d0000,0x0000000032ad0000)]
  0x000000001eafe800 JavaThread "ForkJoinPool.commonPool-worker-11" daemon [_thread_blocked, id=1528, stack(0x00000000328d0000,0x00000000329d0000)]
  0x000000001eb02000 JavaThread "ForkJoinPool.commonPool-worker-2" daemon [_thread_blocked, id=1104, stack(0x00000000311d0000,0x00000000312d0000)]
  0x000000001eb00800 JavaThread "ForkJoinPool.commonPool-worker-9" daemon [_thread_blocked, id=15988, stack(0x0000000030a20000,0x0000000030b20000)]
  0x000000001eafd800 JavaThread "Cache worker for Java compile cache (C:\Users\21SMT54\Downloads\MyApplication\.gradle\6.5\javaCompile)" [_thread_blocked, id=17096, stack(0x0000000031400000,0x0000000031500000)]
  0x000000001eb03000 JavaThread "Cache worker for Java compile cache (C:\Users\21SMT54\.gradle\caches\6.5\javaCompile)" [_thread_blocked, id=9220, stack(0x0000000031300000,0x0000000031400000)]
  0x000000001eb00000 JavaThread "Cache worker for execution history cache (C:\Users\21SMT54\Downloads\MyApplication\.gradle\6.5\executionHistory)" [_thread_blocked, id=8428, stack(0x0000000030920000,0x0000000030a20000)]
  0x000000001eaff000 JavaThread "Execution worker for ':' Thread 15" [_thread_blocked, id=9820, stack(0x0000000030820000,0x0000000030920000)]
  0x000000002585c000 JavaThread "Execution worker for ':' Thread 14" [_thread_blocked, id=3588, stack(0x0000000030720000,0x0000000030820000)]
  0x000000002585b000 JavaThread "Execution worker for ':' Thread 13" [_thread_blocked, id=9844, stack(0x0000000030620000,0x0000000030720000)]
  0x000000002585a800 JavaThread "Execution worker for ':' Thread 12" [_thread_blocked, id=14248, stack(0x0000000030520000,0x0000000030620000)]
  0x0000000025859800 JavaThread "Execution worker for ':' Thread 11" [_thread_blocked, id=14068, stack(0x0000000030420000,0x0000000030520000)]
  0x0000000025858000 JavaThread "Execution worker for ':' Thread 10" [_thread_blocked, id=15560, stack(0x0000000030320000,0x0000000030420000)]
  0x0000000025857000 JavaThread "Execution worker for ':' Thread 9" [_thread_blocked, id=5984, stack(0x0000000030220000,0x0000000030320000)]
  0x0000000025859000 JavaThread "Execution worker for ':' Thread 8" [_thread_blocked, id=3488, stack(0x0000000030120000,0x0000000030220000)]
  0x0000000025855800 JavaThread "Execution worker for ':' Thread 7" [_thread_blocked, id=7332, stack(0x0000000030020000,0x0000000030120000)]
  0x0000000025852000 JavaThread "Execution worker for ':' Thread 6" [_thread_blocked, id=5488, stack(0x000000002ff20000,0x0000000030020000)]
  0x0000000025855000 JavaThread "Execution worker for ':' Thread 5" [_thread_blocked, id=8724, stack(0x000000002fe20000,0x000000002ff20000)]
  0x0000000025856800 JavaThread "Execution worker for ':' Thread 4" [_thread_blocked, id=16240, stack(0x000000002fd20000,0x000000002fe20000)]
  0x0000000025854000 JavaThread "Execution worker for ':' Thread 3" [_thread_blocked, id=312, stack(0x000000002fc20000,0x000000002fd20000)]
  0x000000002584d800 JavaThread "Execution worker for ':' Thread 2" [_thread_blocked, id=6372, stack(0x000000002fb20000,0x000000002fc20000)]
  0x000000002584f800 JavaThread "Execution worker for ':'" [_thread_blocked, id=4252, stack(0x000000002fa20000,0x000000002fb20000)]
  0x000000002584f000 JavaThread "Cache worker for file content cache (C:\Users\21SMT54\Downloads\MyApplication\.gradle\6.5\fileContent)" [_thread_blocked, id=5464, stack(0x000000002f920000,0x000000002fa20000)]
  0x0000000025852800 JavaThread "Cache worker for Build Output Cleanup Cache (C:\Users\21SMT54\Downloads\MyApplication\.gradle\buildOutputCleanup)" [_thread_blocked, id=14208, stack(0x000000002f160000,0x000000002f260000)]
  0x0000000025853800 JavaThread "jar transforms Thread 184" [_thread_blocked, id=1292, stack(0x000000002d470000,0x000000002d570000)]
  0x0000000025851000 JavaThread "jar transforms Thread 183" [_thread_blocked, id=11652, stack(0x000000002d070000,0x000000002d170000)]
  0x000000002584e000 JavaThread "jar transforms Thread 182" [_thread_blocked, id=14380, stack(0x000000002cf70000,0x000000002d070000)]
  0x0000000025850800 JavaThread "jar transforms Thread 181" [_thread_blocked, id=8204, stack(0x000000002ce70000,0x000000002cf70000)]
  0x00000000219be800 JavaThread "jar transforms Thread 180" [_thread_blocked, id=13012, stack(0x000000002cd70000,0x000000002ce70000)]
  0x00000000219be000 JavaThread "jar transforms Thread 179" [_thread_blocked, id=12208, stack(0x000000002cc70000,0x000000002cd70000)]
  0x00000000219b8800 JavaThread "jar transforms Thread 178" [_thread_blocked, id=5636, stack(0x000000002cb70000,0x000000002cc70000)]
  0x00000000219b9800 JavaThread "jar transforms Thread 177" [_thread_blocked, id=4648, stack(0x000000002ca70000,0x000000002cb70000)]
  0x00000000219ba000 JavaThread "jar transforms Thread 176" [_thread_blocked, id=3436, stack(0x000000002c970000,0x000000002ca70000)]
  0x00000000219bd000 JavaThread "jar transforms Thread 175" [_thread_blocked, id=16288, stack(0x000000002c870000,0x000000002c970000)]
  0x00000000219bf800 JavaThread "jar transforms Thread 174" [_thread_blocked, id=16784, stack(0x000000002c770000,0x000000002c870000)]
  0x00000000219bb000 JavaThread "jar transforms Thread 173" [_thread_blocked, id=9888, stack(0x000000002c670000,0x000000002c770000)]
  0x00000000219bc800 JavaThread "jar transforms Thread 172" [_thread_blocked, id=5904, stack(0x000000002c570000,0x000000002c670000)]
  0x00000000219bb800 JavaThread "jar transforms Thread 171" [_thread_blocked, id=6996, stack(0x000000002c470000,0x000000002c570000)]
  0x00000000219b2000 JavaThread "jar transforms Thread 170" [_thread_blocked, id=6160, stack(0x000000002c370000,0x000000002c470000)]
  0x00000000219b8000 JavaThread "jar transforms Thread 169" [_thread_blocked, id=3452, stack(0x000000002c270000,0x000000002c370000)]
  0x00000000219b4000 JavaThread "jar transforms Thread 168" [_thread_blocked, id=16044, stack(0x000000002c170000,0x000000002c270000)]
  0x00000000219b0800 JavaThread "jar transforms Thread 167" [_thread_blocked, id=16112, stack(0x000000002c070000,0x000000002c170000)]
  0x00000000219b5800 JavaThread "jar transforms Thread 166" [_thread_blocked, id=15992, stack(0x000000002bf70000,0x000000002c070000)]
  0x00000000219b3800 JavaThread "jar transforms Thread 165" [_thread_blocked, id=11172, stack(0x000000002be70000,0x000000002bf70000)]
  0x00000000219b1000 JavaThread "jar transforms Thread 164" [_thread_blocked, id=1500, stack(0x000000002bd70000,0x000000002be70000)]
  0x00000000219b5000 JavaThread "jar transforms Thread 163" [_thread_blocked, id=12716, stack(0x000000002bc70000,0x000000002bd70000)]
  0x00000000219b7000 JavaThread "jar transforms Thread 162" [_thread_blocked, id=10740, stack(0x000000002bb70000,0x000000002bc70000)]
  0x00000000219b2800 JavaThread "jar transforms Thread 161" [_thread_blocked, id=10176, stack(0x000000002ba70000,0x000000002bb70000)]
  0x00000000219b6800 JavaThread "jar transforms Thread 160" [_thread_blocked, id=8024, stack(0x000000002b870000,0x000000002b970000)]
  0x000000001f116800 JavaThread "jar transforms Thread 159" [_thread_blocked, id=11208, stack(0x000000002b770000,0x000000002b870000)]
  0x000000001f114800 JavaThread "jar transforms Thread 158" [_thread_blocked, id=13396, stack(0x000000002b670000,0x000000002b770000)]
  0x000000001f117800 JavaThread "jar transforms Thread 157" [_thread_blocked, id=12560, stack(0x000000002b570000,0x000000002b670000)]
  0x000000001f115000 JavaThread "jar transforms Thread 156" [_thread_blocked, id=820, stack(0x000000002b470000,0x000000002b570000)]
  0x000000001f113800 JavaThread "jar transforms Thread 155" [_thread_blocked, id=18288, stack(0x000000002b370000,0x000000002b470000)]
  0x000000001f113000 JavaThread "jar transforms Thread 154" [_thread_blocked, id=6912, stack(0x000000002b270000,0x000000002b370000)]
  0x000000001f116000 JavaThread "jar transforms Thread 153" [_thread_blocked, id=15048, stack(0x000000002b170000,0x000000002b270000)]
  0x000000001f112000 JavaThread "jar transforms Thread 152" [_thread_blocked, id=6596, stack(0x000000002b070000,0x000000002b170000)]
  0x000000001f111800 JavaThread "jar transforms Thread 151" [_thread_blocked, id=3560, stack(0x000000002af70000,0x000000002b070000)]
  0x000000001f10a000 JavaThread "jar transforms Thread 150" [_thread_blocked, id=15432, stack(0x000000002ae70000,0x000000002af70000)]
  0x000000001f110800 JavaThread "jar transforms Thread 149" [_thread_blocked, id=12196, stack(0x000000002ad70000,0x000000002ae70000)]
  0x000000001f109000 JavaThread "jar transforms Thread 148" [_thread_blocked, id=984, stack(0x000000002ac70000,0x000000002ad70000)]
  0x000000001f110000 JavaThread "jar transforms Thread 147" [_thread_blocked, id=13528, stack(0x000000002ab70000,0x000000002ac70000)]
  0x000000001f108800 JavaThread "jar transforms Thread 146" [_thread_blocked, id=1288, stack(0x000000002aa70000,0x000000002ab70000)]
  0x000000001f10f000 JavaThread "jar transforms Thread 145" [_thread_blocked, id=14864, stack(0x000000002a970000,0x000000002aa70000)]
  0x000000001f10d800 JavaThread "jar transforms Thread 144" [_thread_blocked, id=14408, stack(0x000000002a870000,0x000000002a970000)]
  0x000000001f10e800 JavaThread "jar transforms Thread 143" [_thread_blocked, id=8520, stack(0x000000002a770000,0x000000002a870000)]
  0x000000001f10d000 JavaThread "jar transforms Thread 142" [_thread_blocked, id=17600, stack(0x000000002a670000,0x000000002a770000)]
  0x000000001f10b800 JavaThread "jar transforms Thread 141" [_thread_blocked, id=14636, stack(0x000000002a570000,0x000000002a670000)]
  0x000000001f10c000 JavaThread "jar transforms Thread 140" [_thread_blocked, id=17088, stack(0x000000002a470000,0x000000002a570000)]
  0x000000001f10a800 JavaThread "jar transforms Thread 139" [_thread_blocked, id=12368, stack(0x000000002a370000,0x000000002a470000)]
  0x000000001f139800 JavaThread "jar transforms Thread 138" [_thread_blocked, id=10716, stack(0x000000002a270000,0x000000002a370000)]
  0x000000001f13a800 JavaThread "jar transforms Thread 137" [_thread_blocked, id=8656, stack(0x000000002a170000,0x000000002a270000)]
  0x000000001f136800 JavaThread "jar transforms Thread 136" [_thread_blocked, id=18156, stack(0x000000002a070000,0x000000002a170000)]
  0x000000001f139000 JavaThread "jar transforms Thread 135" [_thread_blocked, id=7284, stack(0x0000000029f70000,0x000000002a070000)]
  0x000000001f138000 JavaThread "jar transforms Thread 134" [_thread_blocked, id=17036, stack(0x0000000029e70000,0x0000000029f70000)]
  0x000000001f136000 JavaThread "jar transforms Thread 133" [_thread_blocked, id=11584, stack(0x0000000029d70000,0x0000000029e70000)]
  0x000000001f134800 JavaThread "jar transforms Thread 132" [_thread_blocked, id=7988, stack(0x0000000029c70000,0x0000000029d70000)]
  0x000000001f137800 JavaThread "jar transforms Thread 131" [_thread_blocked, id=15036, stack(0x0000000029b70000,0x0000000029c70000)]
  0x000000001f135000 JavaThread "jar transforms Thread 130" [_thread_blocked, id=3392, stack(0x0000000029a70000,0x0000000029b70000)]
  0x000000001f12d000 JavaThread "jar transforms Thread 129" [_thread_blocked, id=7412, stack(0x0000000029970000,0x0000000029a70000)]
  0x000000001f12e800 JavaThread "jar transforms Thread 128" [_thread_blocked, id=15964, stack(0x0000000029870000,0x0000000029970000)]
  0x000000001f133800 JavaThread "jar transforms Thread 127" [_thread_blocked, id=15412, stack(0x0000000029770000,0x0000000029870000)]
  0x000000001f133000 JavaThread "jar transforms Thread 126" [_thread_blocked, id=9328, stack(0x0000000029670000,0x0000000029770000)]
  0x000000001f12b800 JavaThread "jar transforms Thread 125" [_thread_blocked, id=17712, stack(0x0000000029570000,0x0000000029670000)]
  0x000000001f12c000 JavaThread "jar transforms Thread 124" [_thread_blocked, id=14676, stack(0x0000000029470000,0x0000000029570000)]
  0x000000001f130000 JavaThread "jar transforms Thread 123" [_thread_blocked, id=16568, stack(0x0000000029370000,0x0000000029470000)]
  0x000000001f132000 JavaThread "jar transforms Thread 122" [_thread_blocked, id=2168, stack(0x0000000029270000,0x0000000029370000)]
  0x000000001f12f000 JavaThread "jar transforms Thread 121" [_thread_blocked, id=3312, stack(0x0000000029170000,0x0000000029270000)]
  0x000000001f131800 JavaThread "jar transforms Thread 120" [_thread_blocked, id=17908, stack(0x0000000029070000,0x0000000029170000)]
  0x000000001f12d800 JavaThread "jar transforms Thread 119" [_thread_blocked, id=2060, stack(0x0000000028f70000,0x0000000029070000)]
  0x000000001f130800 JavaThread "jar transforms Thread 118" [_thread_blocked, id=8296, stack(0x0000000028e70000,0x0000000028f70000)]
  0x0000000019ff9800 JavaThread "jar transforms Thread 117" [_thread_blocked, id=13448, stack(0x0000000028d70000,0x0000000028e70000)]
  0x0000000019ff8000 JavaThread "jar transforms Thread 116" [_thread_blocked, id=5452, stack(0x0000000028c70000,0x0000000028d70000)]
  0x0000000019ff5000 JavaThread "jar transforms Thread 115" [_thread_blocked, id=11084, stack(0x0000000028b70000,0x0000000028c70000)]
  0x00000000221d1800 JavaThread "jar transforms Thread 114" [_thread_blocked, id=11636, stack(0x0000000028a70000,0x0000000028b70000)]
  0x00000000221d2800 JavaThread "jar transforms Thread 113" [_thread_blocked, id=5868, stack(0x0000000028970000,0x0000000028a70000)]
  0x00000000221d4800 JavaThread "jar transforms Thread 112" [_thread_blocked, id=7812, stack(0x0000000028870000,0x0000000028970000)]
  0x00000000221d0000 JavaThread "jar transforms Thread 111" [_thread_blocked, id=9516, stack(0x0000000028770000,0x0000000028870000)]
  0x00000000221ce000 JavaThread "jar transforms Thread 110" [_thread_blocked, id=9604, stack(0x0000000028670000,0x0000000028770000)]
  0x00000000221ce800 JavaThread "jar transforms Thread 109" [_thread_blocked, id=12420, stack(0x0000000028570000,0x0000000028670000)]
  0x00000000221d4000 JavaThread "jar transforms Thread 108" [_thread_blocked, id=6056, stack(0x0000000028470000,0x0000000028570000)]
  0x00000000221cf800 JavaThread "jar transforms Thread 107" [_thread_blocked, id=11432, stack(0x0000000028370000,0x0000000028470000)]
  0x00000000221d1000 JavaThread "jar transforms Thread 106" [_thread_blocked, id=13388, stack(0x0000000028270000,0x0000000028370000)]
  0x00000000221d3000 JavaThread "jar transforms Thread 105" [_thread_blocked, id=3088, stack(0x0000000028170000,0x0000000028270000)]
  0x00000000221c6800 JavaThread "jar transforms Thread 104" [_thread_blocked, id=15032, stack(0x0000000028070000,0x0000000028170000)]
  0x00000000221c5800 JavaThread "jar transforms Thread 103" [_thread_blocked, id=14892, stack(0x0000000027f70000,0x0000000028070000)]
  0x00000000221cb000 JavaThread "jar transforms Thread 102" [_thread_blocked, id=13908, stack(0x0000000027e70000,0x0000000027f70000)]
  0x00000000221ca000 JavaThread "jar transforms Thread 101" [_thread_blocked, id=17752, stack(0x0000000027d70000,0x0000000027e70000)]
  0x0000000025e64000 JavaThread "jar transforms Thread 100" [_thread_blocked, id=4672, stack(0x0000000027c70000,0x0000000027d70000)]
  0x0000000025e63000 JavaThread "jar transforms Thread 99" [_thread_blocked, id=10748, stack(0x0000000027b70000,0x0000000027c70000)]
  0x0000000025e65800 JavaThread "jar transforms Thread 98" [_thread_blocked, id=13548, stack(0x0000000027a70000,0x0000000027b70000)]
  0x0000000025e61800 JavaThread "jar transforms Thread 97" [_thread_blocked, id=5888, stack(0x0000000027970000,0x0000000027a70000)]
  0x0000000025e64800 JavaThread "jar transforms Thread 96" [_thread_blocked, id=6260, stack(0x0000000027870000,0x0000000027970000)]
  0x0000000025e61000 JavaThread "jar transforms Thread 95" [_thread_blocked, id=13236, stack(0x0000000027770000,0x0000000027870000)]
  0x0000000025e59800 JavaThread "jar transforms Thread 94" [_thread_blocked, id=9124, stack(0x0000000027390000,0x0000000027490000)]
  0x0000000025e5e800 JavaThread "jar transforms Thread 93" [_thread_blocked, id=14848, stack(0x0000000027290000,0x0000000027390000)]
  0x0000000025e5d000 JavaThread "Build operations Thread 16" [_thread_blocked, id=16332, stack(0x0000000027190000,0x0000000027290000)]
  0x0000000025e58800 JavaThread "Build operations Thread 15" [_thread_blocked, id=7736, stack(0x0000000027090000,0x0000000027190000)]
  0x0000000025e5e000 JavaThread "Build operations Thread 14" [_thread_blocked, id=17692, stack(0x0000000026f90000,0x0000000027090000)]
  0x0000000025e5b800 JavaThread "Build operations Thread 13" [_thread_blocked, id=18096, stack(0x0000000026e90000,0x0000000026f90000)]
  0x0000000025e56000 JavaThread "Build operations Thread 12" [_thread_blocked, id=14096, stack(0x0000000026d90000,0x0000000026e90000)]
  0x0000000025e5c800 JavaThread "Build operations Thread 11" [_thread_blocked, id=15512, stack(0x0000000026c90000,0x0000000026d90000)]
  0x0000000025e5b000 JavaThread "Build operations Thread 10" [_thread_blocked, id=6164, stack(0x0000000026b90000,0x0000000026c90000)]
  0x0000000025e5a000 JavaThread "Build operations Thread 9" [_thread_blocked, id=13160, stack(0x0000000026a90000,0x0000000026b90000)]
  0x0000000025e57000 JavaThread "Build operations Thread 8" [_thread_blocked, id=10384, stack(0x0000000026990000,0x0000000026a90000)]
  0x000000001ef04800 JavaThread "Build operations Thread 7" [_thread_blocked, id=13740, stack(0x0000000026890000,0x0000000026990000)]
  0x000000001ef06000 JavaThread "Build operations Thread 6" [_thread_blocked, id=9984, stack(0x0000000026790000,0x0000000026890000)]
  0x000000001ef03800 JavaThread "Build operations Thread 5" [_thread_blocked, id=14388, stack(0x0000000026690000,0x0000000026790000)]
  0x000000001ef05000 JavaThread "Build operations Thread 4" [_thread_blocked, id=6316, stack(0x0000000026590000,0x0000000026690000)]
  0x000000001ef01800 JavaThread "Build operations Thread 3" [_thread_blocked, id=18160, stack(0x0000000026490000,0x0000000026590000)]
  0x000000001ef00800 JavaThread "Build operations Thread 2" [_thread_blocked, id=1640, stack(0x0000000026390000,0x0000000026490000)]
  0x000000001eeff000 JavaThread "Build operations" [_thread_blocked, id=13872, stack(0x0000000026290000,0x0000000026390000)]
  0x000000001ef03000 JavaThread "Cache worker for cache directory md-rule (C:\Users\21SMT54\.gradle\caches\6.5\md-rule)" [_thread_blocked, id=8064, stack(0x0000000024ac0000,0x0000000024bc0000)]
  0x000000001eef7800 JavaThread "Cache worker for cache directory md-supplier (C:\Users\21SMT54\.gradle\caches\6.5\md-supplier)" [_thread_blocked, id=9416, stack(0x0000000023dd0000,0x0000000023ed0000)]
  0x000000001eefb800 JavaThread "Cache worker for checksums cache (C:\Users\21SMT54\Downloads\MyApplication\.gradle\checksums)" [_thread_blocked, id=11760, stack(0x0000000022b80000,0x0000000022c80000)]
  0x000000001eefa000 JavaThread "Cache worker for file hash cache (C:\Users\21SMT54\Downloads\MyApplication\.gradle\6.5\fileHashes)" [_thread_blocked, id=3928, stack(0x00000000201e0000,0x00000000202e0000)]
  0x000000001eef9000 JavaThread "Thread-151" [_thread_blocked, id=12836, stack(0x00000000200e0000,0x00000000201e0000)]
  0x000000001eefa800 JavaThread "Stdin handler" [_thread_blocked, id=5620, stack(0x000000001ffe0000,0x00000000200e0000)]
  0x000000001eef8800 JavaThread "Asynchronous log dispatcher for DefaultDaemonConnection: socket connection from /127.0.0.1:51660 to /127.0.0.1:51796" [_thread_blocked, id=14804, stack(0x000000001fee0000,0x000000001ffe0000)]
  0x000000001eefd000 JavaThread "Daemon worker Thread 2" [_thread_blocked, id=8756, stack(0x000000001fbe0000,0x000000001fce0000)]
  0x000000001eefe800 JavaThread "Cancel handler" [_thread_blocked, id=6464, stack(0x0000000000fc0000,0x00000000010c0000)]
  0x000000001eef7000 JavaThread "Handler for socket connection from /127.0.0.1:51660 to /127.0.0.1:51796" [_thread_in_native, id=9996, stack(0x0000000000ec0000,0x0000000000fc0000)]
  0x000000001eefd800 JavaThread "Daemon Thread 2" [_thread_blocked, id=13604, stack(0x0000000000dc0000,0x0000000000ec0000)]
  0x000000001ef02000 JavaThread "Memory manager" [_thread_blocked, id=3728, stack(0x000000002d370000,0x000000002d470000)]
  0x00000000221c9800 JavaThread "Cache worker for file content cache (C:\Users\21SMT54\.gradle\caches\6.5\fileContent)" [_thread_blocked, id=10092, stack(0x0000000024bc0000,0x0000000024cc0000)]
  0x00000000221c8800 JavaThread "Cache worker for execution history cache (C:\Users\21SMT54\.gradle\caches\6.5\executionHistory)" [_thread_blocked, id=12648, stack(0x00000000243c0000,0x00000000244c0000)]
  0x0000000019ff4000 JavaThread "Cache worker for file hash cache (C:\Users\21SMT54\.gradle\caches\6.5\fileHashes)" [_thread_blocked, id=14632, stack(0x00000000206e0000,0x00000000207e0000)]
  0x0000000019ff5800 JavaThread "File lock request listener" [_thread_in_native, id=13276, stack(0x00000000205e0000,0x00000000206e0000)]
  0x000000001cdd2800 JavaThread "Cache worker for journal cache (C:\Users\21SMT54\.gradle\caches\journal-1)" [_thread_blocked, id=17224, stack(0x00000000204e0000,0x00000000205e0000)]
  0x000000001e901000 JavaThread "Daemon periodic checks" [_thread_blocked, id=6772, stack(0x000000001f8e0000,0x000000001f9e0000)]
  0x000000001e8fe800 JavaThread "Incoming local TCP Connector on port 51660" [_thread_in_native, id=9424, stack(0x000000001f6a0000,0x000000001f7a0000)]
  0x000000001e837000 JavaThread "Daemon health stats" [_thread_blocked, id=2188, stack(0x000000001e190000,0x000000001e290000)]
  0x000000001a07f800 JavaThread "Service Thread" daemon [_thread_blocked, id=9900, stack(0x000000001c7c0000,0x000000001c8c0000)]
  0x0000000019ff3800 JavaThread "C1 CompilerThread11" daemon [_thread_blocked, id=5912, stack(0x000000001c6c0000,0x000000001c7c0000)]
  0x0000000019ffa000 JavaThread "C1 CompilerThread10" daemon [_thread_blocked, id=18268, stack(0x000000001c5c0000,0x000000001c6c0000)]
  0x0000000019ff7000 JavaThread "C1 CompilerThread9" daemon [_thread_blocked, id=9500, stack(0x000000001c4c0000,0x000000001c5c0000)]
  0x0000000019ff6800 JavaThread "C1 CompilerThread8" daemon [_thread_blocked, id=18008, stack(0x000000001c3c0000,0x000000001c4c0000)]
=>0x0000000019ff8800 JavaThread "C2 CompilerThread7" daemon [_thread_in_native, id=11608, stack(0x000000001c2c0000,0x000000001c3c0000)]
  0x0000000019fd6800 JavaThread "C2 CompilerThread6" daemon [_thread_blocked, id=3364, stack(0x000000001c1c0000,0x000000001c2c0000)]
  0x0000000019fa5000 JavaThread "C2 CompilerThread5" daemon [_thread_blocked, id=12768, stack(0x000000001c0c0000,0x000000001c1c0000)]
  0x0000000019f9e000 JavaThread "C2 CompilerThread4" daemon [_thread_in_native, id=9616, stack(0x000000001bfc0000,0x000000001c0c0000)]
  0x0000000019f93000 JavaThread "C2 CompilerThread3" daemon [_thread_blocked, id=13832, stack(0x000000001bec0000,0x000000001bfc0000)]
  0x0000000019f8f800 JavaThread "C2 CompilerThread2" daemon [_thread_blocked, id=16156, stack(0x000000001bdc0000,0x000000001bec0000)]
  0x0000000019f8f000 JavaThread "C2 CompilerThread1" daemon [_thread_in_native, id=10204, stack(0x000000001bcc0000,0x000000001bdc0000)]
  0x0000000019f3a000 JavaThread "C2 CompilerThread0" daemon [_thread_blocked, id=5544, stack(0x000000001bbc0000,0x000000001bcc0000)]
  0x00000000184ce000 JavaThread "Attach Listener" daemon [_thread_blocked, id=8328, stack(0x000000001bac0000,0x000000001bbc0000)]
  0x0000000019f8d000 JavaThread "Signal Dispatcher" daemon [_thread_blocked, id=15708, stack(0x000000001b9c0000,0x000000001bac0000)]
  0x00000000184c1000 JavaThread "Finalizer" daemon [_thread_blocked, id=1940, stack(0x000000001b7a0000,0x000000001b8a0000)]
  0x0000000019f16000 JavaThread "Reference Handler" daemon [_thread_blocked, id=7404, stack(0x000000001b6a0000,0x000000001b7a0000)]
  0x0000000002aee000 JavaThread "main" [_thread_blocked, id=8372, stack(0x00000000029a0000,0x0000000002aa0000)]

Other Threads:
  0x0000000019ef2000 VMThread [stack: 0x000000001b5a0000,0x000000001b6a0000] [id=2940]
  0x000000001a080800 WatcherThread [stack: 0x000000001c8c0000,0x000000001c9c0000] [id=8764]

VM state:not at safepoint (normal execution)

VM Mutex/Monitor currently owned by a thread: None

heap address: 0x0000000080000000, size: 2048 MB, Compressed Oops mode: 32-bit
Narrow klass base: 0x0000000000000000, Narrow klass shift: 3
Compressed class space size: 1073741824 Address: 0x0000000100000000

Heap:
 PSYoungGen      total 384512K, used 103117K [0x00000000d5580000, 0x00000000f0b80000, 0x0000000100000000)
  eden space 357376K, 21% used [0x00000000d5580000,0x00000000d9fb8df8,0x00000000eb280000)
  from space 27136K, 99% used [0x00000000ed780000,0x00000000ef1fa640,0x00000000ef200000)
  to   space 37888K, 0% used [0x00000000eb280000,0x00000000eb280000,0x00000000ed780000)
 ParOldGen       total 221184K, used 55887K [0x0000000080000000, 0x000000008d800000, 0x00000000d5580000)
  object space 221184K, 25% used [0x0000000080000000,0x0000000083693c48,0x000000008d800000)
 Metaspace       used 83591K, capacity 88910K, committed 89176K, reserved 1126400K
  class space    used 11383K, capacity 12315K, committed 12416K, reserved 1048576K

Card table byte_map: [0x0000000012310000,0x0000000012720000] byte_map_base: 0x0000000011f10000

Marking Bits: (ParMarkBitMap*) 0x000000006a4af030
 Begin Bits: [0x00000000136d0000, 0x00000000156d0000)
 End Bits:   [0x00000000156d0000, 0x00000000176d0000)

Polling page: 0x00000000011b0000

CodeCache: size=245760Kb used=33107Kb max_used=34647Kb free=212652Kb
 bounds [0x0000000002f50000, 0x0000000005160000, 0x0000000011f50000]
 total_blobs=11058 nmethods=10220 adapters=747
 compilation: enabled

Compilation events (10 events):
Event: 79.023 Thread 0x0000000019f3a000 nmethod 12103 0x0000000004d79d90 code [0x0000000004d79f80, 0x0000000004d7b300]
Event: 79.025 Thread 0x0000000019f3a000 12123       4       java.util.regex.Matcher::find (69 bytes)
Event: 79.025 Thread 0x0000000019ff7000 12124       3       java.lang.StringBuilder::setLength (6 bytes)
Event: 79.026 Thread 0x0000000019ffa000 12125       3       java.lang.AbstractStringBuilder::setLength (45 bytes)
Event: 79.026 Thread 0x0000000019ff7000 nmethod 12124 0x000000000379d810 code [0x000000000379d980, 0x000000000379db08]
Event: 79.026 Thread 0x0000000019ffa000 nmethod 12125 0x000000000486b050 code [0x000000000486b220, 0x000000000486b9f8]
Event: 79.026 Thread 0x0000000019fa5000 nmethod 12109 0x0000000004064050 code [0x00000000040641a0, 0x0000000004064628]
Event: 79.027 Thread 0x0000000019f93000 nmethod 12118 0x0000000003db9e10 code [0x0000000003db9f80, 0x0000000003dba3a8]
Event: 79.029 Thread 0x0000000019fd6800 nmethod 12102 0x0000000004f2bfd0 code [0x0000000004f2c540, 0x0000000004f2e388]
Event: 79.029 Thread 0x0000000019f3a000 nmethod 12123 0x00000000046c7110 code [0x00000000046c7260, 0x00000000046c7598]

GC Heap History (10 events):
Event: 3.489 GC heap before
{Heap before GC invocations=9 (full 2):
 PSYoungGen      total 227328K, used 211456K [0x00000000d5580000, 0x00000000e4800000, 0x0000000100000000)
  eden space 211456K, 100% used [0x00000000d5580000,0x00000000e2400000,0x00000000e2400000)
  from space 15872K, 0% used [0x00000000e3300000,0x00000000e3300000,0x00000000e4280000)
  to   space 15360K, 0% used [0x00000000e2400000,0x00000000e2400000,0x00000000e3300000)
 ParOldGen       total 146944K, used 14788K [0x0000000080000000, 0x0000000088f80000, 0x00000000d5580000)
  object space 146944K, 10% used [0x0000000080000000,0x0000000080e71098,0x0000000088f80000)
 Metaspace       used 46478K, capacity 48398K, committed 48600K, reserved 1091584K
  class space    used 6280K, capacity 6653K, committed 6656K, reserved 1048576K
Event: 3.500 GC heap after
Heap after GC invocations=9 (full 2):
 PSYoungGen      total 226816K, used 15332K [0x00000000d5580000, 0x00000000eb080000, 0x0000000100000000)
  eden space 211456K, 0% used [0x00000000d5580000,0x00000000d5580000,0x00000000e2400000)
  from space 15360K, 99% used [0x00000000e2400000,0x00000000e32f93c8,0x00000000e3300000)
  to   space 18944K, 0% used [0x00000000e9e00000,0x00000000e9e00000,0x00000000eb080000)
 ParOldGen       total 146944K, used 18104K [0x0000000080000000, 0x0000000088f80000, 0x00000000d5580000)
  object space 146944K, 12% used [0x0000000080000000,0x00000000811ae260,0x0000000088f80000)
 Metaspace       used 46478K, capacity 48398K, committed 48600K, reserved 1091584K
  class space    used 6280K, capacity 6653K, committed 6656K, reserved 1048576K
}
Event: 4.271 GC heap before
{Heap before GC invocations=10 (full 2):
 PSYoungGen      total 226816K, used 133029K [0x00000000d5580000, 0x00000000eb080000, 0x0000000100000000)
  eden space 211456K, 55% used [0x00000000d5580000,0x00000000dc870100,0x00000000e2400000)
  from space 15360K, 99% used [0x00000000e2400000,0x00000000e32f93c8,0x00000000e3300000)
  to   space 18944K, 0% used [0x00000000e9e00000,0x00000000e9e00000,0x00000000eb080000)
 ParOldGen       total 146944K, used 18104K [0x0000000080000000, 0x0000000088f80000, 0x00000000d5580000)
  object space 146944K, 12% used [0x0000000080000000,0x00000000811ae260,0x0000000088f80000)
 Metaspace       used 56353K, capacity 58866K, committed 59028K, reserved 1099776K
  class space    used 7691K, capacity 8206K, committed 8320K, reserved 1048576K
Event: 4.282 GC heap after
Heap after GC invocations=10 (full 2):
 PSYoungGen      total 331776K, used 18918K [0x00000000d5580000, 0x00000000eb680000, 0x0000000100000000)
  eden space 312832K, 0% used [0x00000000d5580000,0x00000000d5580000,0x00000000e8700000)
  from space 18944K, 99% used [0x00000000e9e00000,0x00000000eb079b78,0x00000000eb080000)
  to   space 23552K, 0% used [0x00000000e8700000,0x00000000e8700000,0x00000000e9e00000)
 ParOldGen       total 146944K, used 23068K [0x0000000080000000, 0x0000000088f80000, 0x00000000d5580000)
  object space 146944K, 15% used [0x0000000080000000,0x0000000081687140,0x0000000088f80000)
 Metaspace       used 56353K, capacity 58866K, committed 59028K, reserved 1099776K
  class space    used 7691K, capacity 8206K, committed 8320K, reserved 1048576K
}
Event: 4.282 GC heap before
{Heap before GC invocations=11 (full 3):
 PSYoungGen      total 331776K, used 18918K [0x00000000d5580000, 0x00000000eb680000, 0x0000000100000000)
  eden space 312832K, 0% used [0x00000000d5580000,0x00000000d5580000,0x00000000e8700000)
  from space 18944K, 99% used [0x00000000e9e00000,0x00000000eb079b78,0x00000000eb080000)
  to   space 23552K, 0% used [0x00000000e8700000,0x00000000e8700000,0x00000000e9e00000)
 ParOldGen       total 146944K, used 23068K [0x0000000080000000, 0x0000000088f80000, 0x00000000d5580000)
  object space 146944K, 15% used [0x0000000080000000,0x0000000081687140,0x0000000088f80000)
 Metaspace       used 56353K, capacity 58866K, committed 59028K, reserved 1099776K
  class space    used 7691K, capacity 8206K, committed 8320K, reserved 1048576K
Event: 4.397 GC heap after
Heap after GC invocations=11 (full 3):
 PSYoungGen      total 331776K, used 0K [0x00000000d5580000, 0x00000000eb680000, 0x0000000100000000)
  eden space 312832K, 0% used [0x00000000d5580000,0x00000000d5580000,0x00000000e8700000)
  from space 18944K, 0% used [0x00000000e9e00000,0x00000000e9e00000,0x00000000eb080000)
  to   space 23552K, 0% used [0x00000000e8700000,0x00000000e8700000,0x00000000e9e00000)
 ParOldGen       total 221184K, used 35915K [0x0000000080000000, 0x000000008d800000, 0x00000000d5580000)
  object space 221184K, 16% used [0x0000000080000000,0x0000000082312c48,0x000000008d800000)
 Metaspace       used 56261K, capacity 58554K, committed 59028K, reserved 1099776K
  class space    used 7662K, capacity 8154K, committed 8320K, reserved 1048576K
}
Event: 76.412 GC heap before
{Heap before GC invocations=12 (full 3):
 PSYoungGen      total 331776K, used 312832K [0x00000000d5580000, 0x00000000eb680000, 0x0000000100000000)
  eden space 312832K, 100% used [0x00000000d5580000,0x00000000e8700000,0x00000000e8700000)
  from space 18944K, 0% used [0x00000000e9e00000,0x00000000e9e00000,0x00000000eb080000)
  to   space 23552K, 0% used [0x00000000e8700000,0x00000000e8700000,0x00000000e9e00000)
 ParOldGen       total 221184K, used 35915K [0x0000000080000000, 0x000000008d800000, 0x00000000d5580000)
  object space 221184K, 16% used [0x0000000080000000,0x0000000082312c48,0x000000008d800000)
 Metaspace       used 67916K, capacity 71688K, committed 71768K, reserved 1112064K
  class space    used 9142K, capacity 9835K, committed 9856K, reserved 1048576K
Event: 76.431 GC heap after
Heap after GC invocations=12 (full 3):
 PSYoungGen      total 336384K, used 23525K [0x00000000d5580000, 0x00000000ef200000, 0x0000000100000000)
  eden space 312832K, 0% used [0x00000000d5580000,0x00000000d5580000,0x00000000e8700000)
  from space 23552K, 99% used [0x00000000e8700000,0x00000000e9df97d8,0x00000000e9e00000)
  to   space 27136K, 0% used [0x00000000ed780000,0x00000000ed780000,0x00000000ef200000)
 ParOldGen       total 221184K, used 35923K [0x0000000080000000, 0x000000008d800000, 0x00000000d5580000)
  object space 221184K, 16% used [0x0000000080000000,0x0000000082314c48,0x000000008d800000)
 Metaspace       used 67916K, capacity 71688K, committed 71768K, reserved 1112064K
  class space    used 9142K, capacity 9835K, committed 9856K, reserved 1048576K
}
Event: 78.213 GC heap before
{Heap before GC invocations=13 (full 3):
 PSYoungGen      total 336384K, used 336357K [0x00000000d5580000, 0x00000000ef200000, 0x0000000100000000)
  eden space 312832K, 100% used [0x00000000d5580000,0x00000000e8700000,0x00000000e8700000)
  from space 23552K, 99% used [0x00000000e8700000,0x00000000e9df97d8,0x00000000e9e00000)
  to   space 27136K, 0% used [0x00000000ed780000,0x00000000ed780000,0x00000000ef200000)
 ParOldGen       total 221184K, used 35923K [0x0000000080000000, 0x000000008d800000, 0x00000000d5580000)
  object space 221184K, 16% used [0x0000000080000000,0x0000000082314c48,0x000000008d800000)
 Metaspace       used 75379K, capacity 79524K, committed 79704K, reserved 1118208K
  class space    used 10074K, capacity 10838K, committed 10880K, reserved 1048576K
Event: 78.251 GC heap after
Heap after GC invocations=13 (full 3):
 PSYoungGen      total 384512K, used 27113K [0x00000000d5580000, 0x00000000f0b80000, 0x0000000100000000)
  eden space 357376K, 0% used [0x00000000d5580000,0x00000000d5580000,0x00000000eb280000)
  from space 27136K, 99% used [0x00000000ed780000,0x00000000ef1fa640,0x00000000ef200000)
  to   space 37888K, 0% used [0x00000000eb280000,0x00000000eb280000,0x00000000ed780000)
 ParOldGen       total 221184K, used 55887K [0x0000000080000000, 0x000000008d800000, 0x00000000d5580000)
  object space 221184K, 25% used [0x0000000080000000,0x0000000083693c48,0x000000008d800000)
 Metaspace       used 75379K, capacity 79524K, committed 79704K, reserved 1118208K
  class space    used 10074K, capacity 10838K, committed 10880K, reserved 1048576K
}

Deoptimization events (10 events):
Event: 78.908 Thread 0x0000000025e5a000 Uncommon trap: reason=unstable_if action=reinterpret pc=0x00000000032ca20c method=com.google.common.collect.MapMakerInternalMap$Segment.drainKeyReferenceQueue(Ljava/lang/ref/ReferenceQueue;)V @ 8
Event: 78.908 Thread 0x000000001ef04800 Uncommon trap: reason=unstable_if action=reinterpret pc=0x00000000032ca20c method=com.google.common.collect.MapMakerInternalMap$Segment.drainKeyReferenceQueue(Ljava/lang/ref/ReferenceQueue;)V @ 8
Event: 78.908 Thread 0x000000001eeff000 Uncommon trap: reason=unstable_if action=reinterpret pc=0x00000000032ca20c method=com.google.common.collect.MapMakerInternalMap$Segment.drainKeyReferenceQueue(Ljava/lang/ref/ReferenceQueue;)V @ 8
Event: 78.945 Thread 0x000000002585b000 Uncommon trap: reason=unstable_if action=reinterpret pc=0x00000000040b6cfc method=com.google.common.cache.LocalCache.isExpired(Lcom/google/common/cache/ReferenceEntry;J)Z @ 9
Event: 78.959 Thread 0x000000002585b000 Uncommon trap: reason=unstable_if action=reinterpret pc=0x0000000004eb5eb8 method=org.gradle.internal.snapshot.PathUtil.equalChars(CCLorg/gradle/internal/snapshot/CaseSensitivity;)Z @ 40
Event: 78.968 Thread 0x000000002585b000 Uncommon trap: reason=array_check action=maybe_recompile pc=0x000000000358ce94 method=java.util.TimSort.binarySort([Ljava/lang/Object;IIILjava/util/Comparator;)V @ 183
Event: 78.977 Thread 0x000000002585b000 Uncommon trap: reason=array_check action=maybe_recompile pc=0x000000000358cc60 method=java.util.TimSort.binarySort([Ljava/lang/Object;IIILjava/util/Comparator;)V @ 215
Event: 78.978 Thread 0x000000002585b000 Uncommon trap: reason=array_check action=maybe_recompile pc=0x000000000358ce94 method=java.util.TimSort.binarySort([Ljava/lang/Object;IIILjava/util/Comparator;)V @ 183
Event: 78.978 Thread 0x000000002585b000 Uncommon trap: reason=array_check action=maybe_recompile pc=0x000000000358cdc0 method=java.util.TimSort.binarySort([Ljava/lang/Object;IIILjava/util/Comparator;)V @ 193
Event: 78.988 Thread 0x00000000211f7000 Uncommon trap: reason=array_check action=maybe_recompile pc=0x000000000358ce94 method=java.util.TimSort.binarySort([Ljava/lang/Object;IIILjava/util/Comparator;)V @ 183

Classes redefined (0 events):
No events

Internal exceptions (10 events):
Event: 78.260 Thread 0x0000000025859800 Exception <a 'java/lang/NoSuchMethodError': <clinit>> (0x00000000d5595718) thrown at [C:\src\AOSP-openjdk-git\hotspot\src\share\vm\prims\jni.cpp, line 1615]
Event: 78.328 Thread 0x00000000211fe000 Exception <a 'sun/nio/fs/WindowsException'> (0x00000000d5dec220) thrown at [C:\src\AOSP-openjdk-git\hotspot\src\share\vm\prims\jni.cpp, line 710]
Event: 78.468 Thread 0x00000000211fe000 Exception <a 'java/lang/IncompatibleClassChangeError': Found class java.lang.Object, but interface was expected> (0x00000000d656f038) thrown at [C:\src\AOSP-openjdk-git\hotspot\src\share\vm\interpreter\linkResolver.cpp, line 653]
Event: 78.691 Thread 0x00000000211fe000 Exception <a 'java/lang/NoSuchMethodError': java.lang.Object.lambda$maxBy$1(Ljava/util/Comparator;Ljava/lang/Object;Ljava/lang/Object;)Ljava/lang/Object;> (0x00000000d7613a38) thrown at [C:\src\AOSP-openjdk-git\hotspot\src\share\vm\interpreter\linkResolve
Event: 78.721 Thread 0x00000000211fe000 Exception <a 'java/lang/NoSuchMethodError': java.lang.Object.b(Lcom/android/tools/r8/graph/p1$b;)Lcom/android/tools/r8/graph/p1$b;> (0x00000000d77db338) thrown at [C:\src\AOSP-openjdk-git\hotspot\src\share\vm\interpreter\linkResolver.cpp, line 620]
Event: 78.889 Thread 0x00000000211fe000 Exception <a 'sun/nio/fs/WindowsException'> (0x00000000d827c628) thrown at [C:\src\AOSP-openjdk-git\hotspot\src\share\vm\prims\jni.cpp, line 710]
Event: 78.894 Thread 0x00000000211fe000 Exception <a 'sun/nio/fs/WindowsException'> (0x00000000d82e8fe8) thrown at [C:\src\AOSP-openjdk-git\hotspot\src\share\vm\prims\jni.cpp, line 710]
Event: 78.895 Thread 0x00000000211fe000 Exception <a 'sun/nio/fs/WindowsException'> (0x00000000d82f1e18) thrown at [C:\src\AOSP-openjdk-git\hotspot\src\share\vm\prims\jni.cpp, line 710]
Event: 78.977 Thread 0x000000002585b000 Exception <a 'java/lang/NoSuchMethodError': <clinit>> (0x00000000d946adc8) thrown at [C:\src\AOSP-openjdk-git\hotspot\src\share\vm\prims\jni.cpp, line 1615]
Event: 78.978 Thread 0x000000002585b000 Exception <a 'java/lang/NoSuchMethodError': <clinit>> (0x00000000d947e4a8) thrown at [C:\src\AOSP-openjdk-git\hotspot\src\share\vm\prims\jni.cpp, line 1615]

Events (10 events):
Event: 79.020 loading class com/android/builder/dexing/DexArchive
Event: 79.020 loading class com/android/builder/dexing/DexArchive done
Event: 79.021 loading class com/android/builder/dexing/DirDexArchive
Event: 79.021 loading class com/android/builder/dexing/DirDexArchive done
Event: 79.023 loading class com/android/builder/dexing/DexArchiveEntry
Event: 79.023 loading class com/android/builder/dexing/DexArchiveEntry done
Event: 79.026 loading class com/android/tools/r8/origin/Origin
Event: 79.026 loading class com/android/tools/r8/origin/Origin done
Event: 79.026 loading class com/android/tools/r8/D8Command$Builder
Event: 79.026 loading class com/android/tools/r8/D8Command$Builder done


Dynamic libraries:
0x00007ff697bb0000 - 0x00007ff697be1000 	C:\Program Files\Android\Android Studio\jre\bin\java.exe
0x00007fff57170000 - 0x00007fff57365000 	C:\Windows\SYSTEM32\ntdll.dll
0x00007fff56ee0000 - 0x00007fff56f9d000 	C:\Windows\System32\KERNEL32.DLL
0x00007fff54e00000 - 0x00007fff550c8000 	C:\Windows\System32\KERNELBASE.dll
0x00007fff56ae0000 - 0x00007fff56b8c000 	C:\Windows\System32\ADVAPI32.dll
0x00007fff55640000 - 0x00007fff556de000 	C:\Windows\System32\msvcrt.dll
0x00007fff55930000 - 0x00007fff559cb000 	C:\Windows\System32\sechost.dll
0x00007fff556e0000 - 0x00007fff5580b000 	C:\Windows\System32\RPCRT4.dll
0x00007fff55410000 - 0x00007fff555b0000 	C:\Windows\System32\USER32.dll
0x00007fff54dd0000 - 0x00007fff54df2000 	C:\Windows\System32\win32u.dll
0x00007fff56bf0000 - 0x00007fff56c1a000 	C:\Windows\System32\GDI32.dll
0x00007fff54b90000 - 0x00007fff54c9b000 	C:\Windows\System32\gdi32full.dll
0x00007fff55130000 - 0x00007fff551cd000 	C:\Windows\System32\msvcp_win.dll
0x00007fff54cd0000 - 0x00007fff54dd0000 	C:\Windows\System32\ucrtbase.dll
0x00007fff46340000 - 0x00007fff465da000 	C:\Windows\WinSxS\amd64_microsoft.windows.common-controls_6595b64144ccf1df_6.0.19041.844_none_ca00b6081b84eb1d\COMCTL32.dll
0x00007fff555b0000 - 0x00007fff555e0000 	C:\Windows\System32\IMM32.DLL
0x0000000069190000 - 0x0000000069262000 	C:\Program Files\Android\Android Studio\jre\jre\bin\msvcr100.dll
0x0000000069ce0000 - 0x000000006a52b000 	C:\Program Files\Android\Android Studio\jre\jre\bin\server\jvm.dll
0x00007fff56ca0000 - 0x00007fff56ca8000 	C:\Windows\System32\PSAPI.DLL
0x00007fff4e4c0000 - 0x00007fff4e4c9000 	C:\Windows\SYSTEM32\WSOCK32.dll
0x00007fff44980000 - 0x00007fff449a7000 	C:\Windows\SYSTEM32\WINMM.dll
0x00007fff4f7b0000 - 0x00007fff4f7ba000 	C:\Windows\SYSTEM32\VERSION.dll
0x00007fff56a60000 - 0x00007fff56acb000 	C:\Windows\System32\WS2_32.dll
0x00007fff4f1f0000 - 0x00007fff4f1ff000 	C:\Program Files\Android\Android Studio\jre\jre\bin\verify.dll
0x00007fff42260000 - 0x00007fff42289000 	C:\Program Files\Android\Android Studio\jre\jre\bin\java.dll
0x00007fff41de0000 - 0x00007fff41df6000 	C:\Program Files\Android\Android Studio\jre\jre\bin\zip.dll
0x00007fff56260000 - 0x00007fff569a2000 	C:\Windows\System32\SHELL32.dll
0x00007fff52a10000 - 0x00007fff531a1000 	C:\Windows\SYSTEM32\windows.storage.dll
0x00007fff55f00000 - 0x00007fff56255000 	C:\Windows\System32\combase.dll
0x00007fff542b0000 - 0x00007fff542dc000 	C:\Windows\SYSTEM32\Wldp.dll
0x00007fff55e40000 - 0x00007fff55eee000 	C:\Windows\System32\SHCORE.dll
0x00007fff570d0000 - 0x00007fff57125000 	C:\Windows\System32\shlwapi.dll
0x00007fff547f0000 - 0x00007fff5480f000 	C:\Windows\SYSTEM32\profapi.dll
0x00007fff41dc0000 - 0x00007fff41dda000 	C:\Program Files\Android\Android Studio\jre\jre\bin\net.dll
0x00007fff53fc0000 - 0x00007fff5402a000 	C:\Windows\system32\mswsock.dll
0x00007fff41c90000 - 0x00007fff41ca3000 	C:\Program Files\Android\Android Studio\jre\jre\bin\nio.dll
0x00007fff411d0000 - 0x00007fff411f7000 	C:\Users\21SMT54\.gradle\native\f6784746aeab05261644944871eae4fe03e0ef1612fff0a4a95f87b438bc6780\windows-amd64\native-platform.dll
0x00007fff4e630000 - 0x00007fff4e63d000 	C:\Program Files\Android\Android Studio\jre\jre\bin\management.dll
0x00007fff541a0000 - 0x00007fff541b8000 	C:\Windows\SYSTEM32\CRYPTSP.dll
0x00007fff53960000 - 0x00007fff53994000 	C:\Windows\system32\rsaenh.dll
0x00007fff54ca0000 - 0x00007fff54cc7000 	C:\Windows\System32\bcrypt.dll
0x00007fff547b0000 - 0x00007fff547de000 	C:\Windows\SYSTEM32\USERENV.dll
0x00007fff549b0000 - 0x00007fff54a30000 	C:\Windows\System32\bcryptprimitives.dll
0x00007fff54190000 - 0x00007fff5419c000 	C:\Windows\SYSTEM32\CRYPTBASE.dll
0x00007fff53cb0000 - 0x00007fff53ceb000 	C:\Windows\SYSTEM32\IPHLPAPI.DLL
0x00007fff55ef0000 - 0x00007fff55ef8000 	C:\Windows\System32\NSI.dll
0x00007fff4f790000 - 0x00007fff4f7a7000 	C:\Windows\SYSTEM32\dhcpcsvc6.DLL
0x00007fff4f770000 - 0x00007fff4f78d000 	C:\Windows\SYSTEM32\dhcpcsvc.DLL
0x00007fff53cf0000 - 0x00007fff53dbc000 	C:\Windows\SYSTEM32\DNSAPI.dll
0x00007fff4fb00000 - 0x00007fff4fb0b000 	C:\Windows\SYSTEM32\WINNSI.DLL

VM Arguments:
jvm_args: -Xmx2048m -Dfile.encoding=UTF-8 -Duser.country=US -Duser.language=en -Duser.variant 
java_command: org.gradle.launcher.daemon.bootstrap.GradleDaemon 6.5
java_class_path (initial): C:\Users\21SMT54\.gradle\wrapper\dists\gradle-6.5-bin\6nifqtx7604sqp1q6g8wikw7p\gradle-6.5\lib\gradle-launcher-6.5.jar
Launcher Type: SUN_STANDARD

Environment Variables:
PATH=C:\Python39\Scripts\;C:\Python39\;C:\Program Files (x86)\Common Files\Oracle\Java\javapath;C:\Windows\system32;C:\Windows;C:\Windows\System32\Wbem;C:\Windows\System32\WindowsPowerShell\v1.0\;C:\Windows\System32\OpenSSH\;C:\Program Files\nodejs\;C:\ProgramData\chocolatey\bin;C:\Program Files (x86)\PuTTY\;C:\Program Files\Git\cmd;C:\Users\21SMT54\AppData\Local\Microsoft\WindowsApps;C:\Program Files\Bandizip\;C:\Users\21SMT54\AppData\Roaming\npm;C:\Users\21SMT54\AppData\Local\Programs\Microsoft VS Code\bin
USERNAME=21SMT54
OS=Windows_NT
PROCESSOR_IDENTIFIER=Intel64 Family 6 Model 165 Stepping 5, GenuineIntel



---------------  S Y S T E M  ---------------

OS: Windows 10.0 , 64 bit Build 19041 (10.0.19041.928)

CPU:total 16 (initial active 16) (8 cores per cpu, 2 threads per core) family 6 model 165 stepping 5, cmov, cx8, fxsr, mmx, sse, sse2, sse3, ssse3, sse4.1, sse4.2, popcnt, avx, avx2, aes, clmul, erms, 3dnowpref, lzcnt, ht, tsc, tscinvbit, bmi1, bmi2, adx

Memory: 4k page, physical 16612512k(791660k free), swap 66944160k(7924k free)

vm_info: OpenJDK 64-Bit Server VM (25.242-b01) for windows-amd64 JRE (1.8.0_242-release-1644-b01), built by "builder" with MS VC++ 10.0 (VS2010)

time: Mon Apr 26 21:38:49 2021
timezone: Korea Standard Time
elapsed time: 79 seconds (0d 0h 1m 19s)

